<?xml version="1.0" encoding="UTF-8"?>
<coverage generated="1783588995372" clover="3.2.0">
  <project timestamp="1783588995372" name="All files">
    <metrics statements="57" coveredstatements="55" conditionals="20" coveredconditionals="19" methods="9" coveredmethods="8" elements="86" coveredelements="82" complexity="0" loc="57" ncloc="57" packages="1" files="1" classes="1"/>
    <file name="server.js" path="/home/user/artifact_test/server.js">
      <metrics statements="57" coveredstatements="55" conditionals="20" coveredconditionals="19" methods="9" coveredmethods="8"/>
      <line num="1" count="1" type="stmt"/>
      <line num="2" count="1" type="stmt"/>
      <line num="4" count="1" type="stmt"/>
      <line num="5" count="1" type="cond" truecount="2" falsecount="0"/>
      <line num="8" count="1" type="stmt"/>
      <line num="11" count="1" type="stmt"/>
      <line num="12" count="1" type="stmt"/>
      <line num="16" count="17" type="stmt"/>
      <line num="17" count="17" type="stmt"/>
      <line num="18" count="17" type="stmt"/>
      <line num="19" count="102" type="stmt"/>
      <line num="21" count="17" type="stmt"/>
      <line num="26" count="23" type="stmt"/>
      <line num="27" count="23" type="stmt"/>
      <line num="28" count="22" type="cond" truecount="2" falsecount="0"/>
      <line num="30" count="1" type="stmt"/>
      <line num="35" count="1" type="stmt"/>
      <line num="36" count="24" type="stmt"/>
      <line num="39" count="24" type="cond" truecount="2" falsecount="0"/>
      <line num="40" count="1" type="stmt"/>
      <line num="43" count="23" type="cond" truecount="2" falsecount="0"/>
      <line num="44" count="2" type="stmt"/>
      <line num="49" count="21" type="cond" truecount="2" falsecount="0"/>
      <line num="50" count="4" type="cond" truecount="2" falsecount="0"/>
      <line num="51" count="1" type="stmt"/>
      <line num="53" count="3" type="stmt"/>
      <line num="56" count="17" type="stmt"/>
      <line num="57" count="17" type="stmt"/>
      <line num="62" count="20" type="stmt"/>
      <line num="69" count="20" type="stmt"/>
      <line num="71" count="20" type="stmt"/>
      <line num="79" count="1" type="stmt"/>
      <line num="80" count="7" type="stmt"/>
      <line num="81" count="5" type="stmt"/>
      <line num="83" count="7" type="stmt"/>
      <line num="87" count="1" type="stmt"/>
      <line num="88" count="4" type="stmt"/>
      <line num="90" count="4" type="cond" truecount="2" falsecount="0"/>
      <line num="91" count="1" type="stmt"/>
      <line num="94" count="3" type="stmt"/>
      <line num="95" count="3" type="stmt"/>
      <line num="99" count="1" type="stmt"/>
      <line num="100" count="14" type="stmt"/>
      <line num="103" count="14" type="cond" truecount="2" falsecount="0"/>
      <line num="104" count="1" type="stmt"/>
      <line num="107" count="13" type="stmt"/>
      <line num="109" count="13" type="cond" truecount="2" falsecount="0"/>
      <line num="110" count="2" type="stmt"/>
      <line num="114" count="11" type="stmt"/>
      <line num="115" count="11" type="stmt"/>
      <line num="118" count="11" type="stmt"/>
      <line num="122" count="1" type="stmt"/>
      <line num="123" count="1" type="stmt"/>
      <line num="124" count="19" type="stmt"/>
      <line num="127" count="1" type="cond" truecount="1" falsecount="1"/>
      <line num="128" count="0" type="stmt"/>
      <line num="129" count="0" type="stmt"/>
    </file>
  </project>
</coverage>
