<?xml version="1.0" encoding="UTF-8"?>
<coverage generated="1783663954310" clover="3.2.0">
  <project timestamp="1783663954310" name="All files">
    <metrics statements="54" coveredstatements="51" conditionals="22" coveredconditionals="21" methods="8" coveredmethods="7" elements="84" coveredelements="79" complexity="0" loc="54" ncloc="54" packages="1" files="1" classes="1"/>
    <file name="server.js" path="/home/user/artifact_test/server.js">
      <metrics statements="54" coveredstatements="51" conditionals="22" coveredconditionals="21" methods="8" coveredmethods="7"/>
      <line num="1" count="1" type="stmt"/>
      <line num="2" count="1" type="stmt"/>
      <line num="4" count="1" type="stmt"/>
      <line num="5" count="1" type="cond" truecount="2" falsecount="0"/>
      <line num="7" count="1" type="stmt"/>
      <line num="8" count="1" type="stmt"/>
      <line num="10" count="1" type="stmt"/>
      <line num="13" count="13" type="stmt"/>
      <line num="14" count="13" type="stmt"/>
      <line num="15" count="13" type="stmt"/>
      <line num="16" count="78" type="stmt"/>
      <line num="18" count="13" type="stmt"/>
      <line num="22" count="27" type="stmt"/>
      <line num="23" count="27" type="stmt"/>
      <line num="24" count="26" type="cond" truecount="2" falsecount="0"/>
      <line num="26" count="1" type="stmt"/>
      <line num="30" count="1" type="stmt"/>
      <line num="31" count="28" type="stmt"/>
      <line num="33" count="28" type="cond" truecount="2" falsecount="0"/>
      <line num="34" count="1" type="stmt"/>
      <line num="37" count="27" type="cond" truecount="2" falsecount="0"/>
      <line num="38" count="2" type="stmt"/>
      <line num="41" count="25" type="cond" truecount="2" falsecount="0"/>
      <line num="43" count="25" type="cond" truecount="2" falsecount="0"/>
      <line num="44" count="1" type="stmt"/>
      <line num="47" count="24" type="cond" truecount="2" falsecount="0"/>
      <line num="48" count="0" type="stmt"/>
      <line num="51" count="24" type="stmt"/>
      <line num="58" count="24" type="stmt"/>
      <line num="60" count="24" type="stmt"/>
      <line num="67" count="1" type="stmt"/>
      <line num="68" count="5" type="stmt"/>
      <line num="69" count="3" type="stmt"/>
      <line num="71" count="5" type="stmt"/>
      <line num="74" count="1" type="stmt"/>
      <line num="75" count="3" type="stmt"/>
      <line num="77" count="3" type="cond" truecount="2" falsecount="0"/>
      <line num="78" count="1" type="stmt"/>
      <line num="81" count="2" type="stmt"/>
      <line num="82" count="2" type="stmt"/>
      <line num="85" count="1" type="stmt"/>
      <line num="86" count="13" type="stmt"/>
      <line num="88" count="13" type="cond" truecount="2" falsecount="0"/>
      <line num="89" count="1" type="stmt"/>
      <line num="92" count="12" type="stmt"/>
      <line num="94" count="12" type="cond" truecount="2" falsecount="0"/>
      <line num="95" count="2" type="stmt"/>
      <line num="98" count="10" type="stmt"/>
      <line num="99" count="10" type="stmt"/>
      <line num="101" count="10" type="stmt"/>
      <line num="104" count="1" type="cond" truecount="1" falsecount="1"/>
      <line num="105" count="0" type="stmt"/>
      <line num="106" count="0" type="stmt"/>
      <line num="110" count="1" type="stmt"/>
    </file>
  </project>
</coverage>
