{"/home/user/artifact_test/server.js": {"path":"/home/user/artifact_test/server.js","statementMap":{"0":{"start":{"line":1,"column":16},"end":{"line":1,"column":34}},"1":{"start":{"line":2,"column":13},"end":{"line":2,"column":28}},"2":{"start":{"line":4,"column":12},"end":{"line":4,"column":21}},"3":{"start":{"line":5,"column":13},"end":{"line":5,"column":37}},"4":{"start":{"line":7,"column":0},"end":{"line":7,"column":24}},"5":{"start":{"line":8,"column":0},"end":{"line":8,"column":34}},"6":{"start":{"line":11,"column":14},"end":{"line":11,"column":23}},"7":{"start":{"line":15,"column":16},"end":{"line":15,"column":80}},"8":{"start":{"line":16,"column":13},"end":{"line":16,"column":15}},"9":{"start":{"line":17,"column":2},"end":{"line":19,"column":3}},"10":{"start":{"line":17,"column":15},"end":{"line":17,"column":16}},"11":{"start":{"line":18,"column":4},"end":{"line":18,"column":67}},"12":{"start":{"line":20,"column":2},"end":{"line":20,"column":14}},"13":{"start":{"line":25,"column":2},"end":{"line":30,"column":3}},"14":{"start":{"line":26,"column":16},"end":{"line":26,"column":34}},"15":{"start":{"line":27,"column":4},"end":{"line":27,"column":65}},"16":{"start":{"line":29,"column":4},"end":{"line":29,"column":17}},"17":{"start":{"line":34,"column":0},"end":{"line":73,"column":3}},"18":{"start":{"line":35,"column":31},"end":{"line":35,"column":39}},"19":{"start":{"line":37,"column":2},"end":{"line":39,"column":3}},"20":{"start":{"line":38,"column":4},"end":{"line":38,"column":62}},"21":{"start":{"line":41,"column":2},"end":{"line":43,"column":3}},"22":{"start":{"line":42,"column":4},"end":{"line":42,"column":65}},"23":{"start":{"line":47,"column":2},"end":{"line":57,"column":3}},"24":{"start":{"line":48,"column":4},"end":{"line":50,"column":5}},"25":{"start":{"line":49,"column":6},"end":{"line":49,"column":68}},"26":{"start":{"line":51,"column":4},"end":{"line":51,"column":28}},"27":{"start":{"line":54,"column":4},"end":{"line":56,"column":35}},"28":{"start":{"line":55,"column":6},"end":{"line":55,"column":38}},"29":{"start":{"line":59,"column":19},"end":{"line":64,"column":3}},"30":{"start":{"line":66,"column":2},"end":{"line":66,"column":33}},"31":{"start":{"line":68,"column":2},"end":{"line":72,"column":5}},"32":{"start":{"line":76,"column":0},"end":{"line":81,"column":3}},"33":{"start":{"line":77,"column":19},"end":{"line":78,"column":48}},"34":{"start":{"line":78,"column":20},"end":{"line":78,"column":47}},"35":{"start":{"line":80,"column":2},"end":{"line":80,"column":21}},"36":{"start":{"line":84,"column":0},"end":{"line":93,"column":3}},"37":{"start":{"line":85,"column":24},"end":{"line":85,"column":34}},"38":{"start":{"line":87,"column":2},"end":{"line":89,"column":3}},"39":{"start":{"line":88,"column":4},"end":{"line":88,"column":67}},"40":{"start":{"line":91,"column":2},"end":{"line":91,"column":26}},"41":{"start":{"line":92,"column":2},"end":{"line":92,"column":25}},"42":{"start":{"line":96,"column":0},"end":{"line":109,"column":3}},"43":{"start":{"line":97,"column":24},"end":{"line":97,"column":34}},"44":{"start":{"line":99,"column":19},"end":{"line":99,"column":39}},"45":{"start":{"line":101,"column":2},"end":{"line":103,"column":3}},"46":{"start":{"line":102,"column":4},"end":{"line":102,"column":67}},"47":{"start":{"line":105,"column":2},"end":{"line":105,"column":24}},"48":{"start":{"line":106,"column":2},"end":{"line":106,"column":33}},"49":{"start":{"line":108,"column":2},"end":{"line":108,"column":42}},"50":{"start":{"line":112,"column":0},"end":{"line":116,"column":1}},"51":{"start":{"line":113,"column":2},"end":{"line":115,"column":5}},"52":{"start":{"line":114,"column":4},"end":{"line":114,"column":69}},"53":{"start":{"line":118,"column":0},"end":{"line":118,"column":21}}},"fnMap":{"0":{"name":"generateShortCode","decl":{"start":{"line":14,"column":9},"end":{"line":14,"column":26}},"loc":{"start":{"line":14,"column":29},"end":{"line":21,"column":1}},"line":14},"1":{"name":"isValidUrl","decl":{"start":{"line":24,"column":9},"end":{"line":24,"column":19}},"loc":{"start":{"line":24,"column":31},"end":{"line":31,"column":1}},"line":24},"2":{"name":"(anonymous_2)","decl":{"start":{"line":34,"column":25},"end":{"line":34,"column":26}},"loc":{"start":{"line":34,"column":39},"end":{"line":73,"column":1}},"line":34},"3":{"name":"(anonymous_3)","decl":{"start":{"line":76,"column":22},"end":{"line":76,"column":23}},"loc":{"start":{"line":76,"column":36},"end":{"line":81,"column":1}},"line":76},"4":{"name":"(anonymous_4)","decl":{"start":{"line":78,"column":10},"end":{"line":78,"column":11}},"loc":{"start":{"line":78,"column":20},"end":{"line":78,"column":47}},"line":78},"5":{"name":"(anonymous_5)","decl":{"start":{"line":84,"column":36},"end":{"line":84,"column":37}},"loc":{"start":{"line":84,"column":50},"end":{"line":93,"column":1}},"line":84},"6":{"name":"(anonymous_6)","decl":{"start":{"line":96,"column":23},"end":{"line":96,"column":24}},"loc":{"start":{"line":96,"column":37},"end":{"line":109,"column":1}},"line":96},"7":{"name":"(anonymous_7)","decl":{"start":{"line":113,"column":19},"end":{"line":113,"column":20}},"loc":{"start":{"line":113,"column":25},"end":{"line":115,"column":3}},"line":113}},"branchMap":{"0":{"loc":{"start":{"line":5,"column":13},"end":{"line":5,"column":37}},"type":"binary-expr","locations":[{"start":{"line":5,"column":13},"end":{"line":5,"column":29}},{"start":{"line":5,"column":33},"end":{"line":5,"column":37}}],"line":5},"1":{"loc":{"start":{"line":27,"column":11},"end":{"line":27,"column":64}},"type":"binary-expr","locations":[{"start":{"line":27,"column":11},"end":{"line":27,"column":35}},{"start":{"line":27,"column":39},"end":{"line":27,"column":64}}],"line":27},"2":{"loc":{"start":{"line":37,"column":2},"end":{"line":39,"column":3}},"type":"if","locations":[{"start":{"line":37,"column":2},"end":{"line":39,"column":3}},{"start":{},"end":{}}],"line":37},"3":{"loc":{"start":{"line":41,"column":2},"end":{"line":43,"column":3}},"type":"if","locations":[{"start":{"line":41,"column":2},"end":{"line":43,"column":3}},{"start":{},"end":{}}],"line":41},"4":{"loc":{"start":{"line":47,"column":2},"end":{"line":57,"column":3}},"type":"if","locations":[{"start":{"line":47,"column":2},"end":{"line":57,"column":3}},{"start":{"line":52,"column":9},"end":{"line":57,"column":3}}],"line":47},"5":{"loc":{"start":{"line":48,"column":4},"end":{"line":50,"column":5}},"type":"if","locations":[{"start":{"line":48,"column":4},"end":{"line":50,"column":5}},{"start":{},"end":{}}],"line":48},"6":{"loc":{"start":{"line":87,"column":2},"end":{"line":89,"column":3}},"type":"if","locations":[{"start":{"line":87,"column":2},"end":{"line":89,"column":3}},{"start":{},"end":{}}],"line":87},"7":{"loc":{"start":{"line":101,"column":2},"end":{"line":103,"column":3}},"type":"if","locations":[{"start":{"line":101,"column":2},"end":{"line":103,"column":3}},{"start":{},"end":{}}],"line":101},"8":{"loc":{"start":{"line":112,"column":0},"end":{"line":116,"column":1}},"type":"if","locations":[{"start":{"line":112,"column":0},"end":{"line":116,"column":1}},{"start":{},"end":{}}],"line":112}},"s":{"0":1,"1":1,"2":1,"3":1,"4":1,"5":1,"6":1,"7":3,"8":3,"9":3,"10":3,"11":18,"12":3,"13":17,"14":17,"15":16,"16":1,"17":1,"18":18,"19":18,"20":1,"21":17,"22":2,"23":15,"24":12,"25":1,"26":11,"27":3,"28":3,"29":14,"30":14,"31":14,"32":1,"33":7,"34":147,"35":7,"36":1,"37":4,"38":4,"39":1,"40":3,"41":3,"42":1,"43":12,"44":12,"45":12,"46":3,"47":9,"48":9,"49":9,"50":1,"51":0,"52":0,"53":1},"f":{"0":3,"1":17,"2":18,"3":7,"4":147,"5":4,"6":12,"7":0},"b":{"0":[1,1],"1":[16,15],"2":[1,17],"3":[2,15],"4":[12,3],"5":[1,11],"6":[1,3],"7":[3,9],"8":[0,1]},"_coverageSchema":"1a1c01bbd47fc00a2c39e90264f33305004495a9","hash":"7d12612b85da4c239c5bc3cb050f19e11e89d603"}
}
