{"/home/user/artifact_test/server.js": {"path":"/home/user/artifact_test/server.js","statementMap":{"0":{"start":{"line":1,"column":16},"end":{"line":1,"column":34}},"1":{"start":{"line":2,"column":13},"end":{"line":2,"column":28}},"2":{"start":{"line":4,"column":12},"end":{"line":4,"column":21}},"3":{"start":{"line":5,"column":13},"end":{"line":5,"column":37}},"4":{"start":{"line":8,"column":14},"end":{"line":8,"column":23}},"5":{"start":{"line":11,"column":0},"end":{"line":11,"column":24}},"6":{"start":{"line":12,"column":0},"end":{"line":12,"column":34}},"7":{"start":{"line":16,"column":16},"end":{"line":16,"column":80}},"8":{"start":{"line":17,"column":13},"end":{"line":17,"column":15}},"9":{"start":{"line":18,"column":2},"end":{"line":20,"column":3}},"10":{"start":{"line":18,"column":15},"end":{"line":18,"column":16}},"11":{"start":{"line":19,"column":4},"end":{"line":19,"column":67}},"12":{"start":{"line":21,"column":2},"end":{"line":21,"column":14}},"13":{"start":{"line":26,"column":2},"end":{"line":31,"column":3}},"14":{"start":{"line":27,"column":16},"end":{"line":27,"column":31}},"15":{"start":{"line":28,"column":4},"end":{"line":28,"column":65}},"16":{"start":{"line":30,"column":4},"end":{"line":30,"column":17}},"17":{"start":{"line":37,"column":0},"end":{"line":75,"column":3}},"18":{"start":{"line":38,"column":31},"end":{"line":38,"column":39}},"19":{"start":{"line":41,"column":2},"end":{"line":43,"column":3}},"20":{"start":{"line":42,"column":4},"end":{"line":42,"column":65}},"21":{"start":{"line":47,"column":2},"end":{"line":58,"column":3}},"22":{"start":{"line":49,"column":4},"end":{"line":51,"column":5}},"23":{"start":{"line":50,"column":6},"end":{"line":50,"column":75}},"24":{"start":{"line":52,"column":4},"end":{"line":52,"column":28}},"25":{"start":{"line":55,"column":4},"end":{"line":57,"column":35}},"26":{"start":{"line":56,"column":6},"end":{"line":56,"column":38}},"27":{"start":{"line":61,"column":19},"end":{"line":66,"column":3}},"28":{"start":{"line":68,"column":2},"end":{"line":68,"column":33}},"29":{"start":{"line":70,"column":2},"end":{"line":74,"column":5}},"30":{"start":{"line":78,"column":0},"end":{"line":83,"column":3}},"31":{"start":{"line":79,"column":19},"end":{"line":80,"column":48}},"32":{"start":{"line":80,"column":20},"end":{"line":80,"column":47}},"33":{"start":{"line":82,"column":2},"end":{"line":82,"column":21}},"34":{"start":{"line":86,"column":0},"end":{"line":95,"column":3}},"35":{"start":{"line":87,"column":24},"end":{"line":87,"column":34}},"36":{"start":{"line":89,"column":2},"end":{"line":91,"column":3}},"37":{"start":{"line":90,"column":4},"end":{"line":90,"column":67}},"38":{"start":{"line":93,"column":2},"end":{"line":93,"column":26}},"39":{"start":{"line":94,"column":2},"end":{"line":94,"column":25}},"40":{"start":{"line":98,"column":0},"end":{"line":118,"column":3}},"41":{"start":{"line":99,"column":24},"end":{"line":99,"column":34}},"42":{"start":{"line":102,"column":2},"end":{"line":104,"column":3}},"43":{"start":{"line":103,"column":4},"end":{"line":103,"column":45}},"44":{"start":{"line":106,"column":19},"end":{"line":106,"column":39}},"45":{"start":{"line":108,"column":2},"end":{"line":110,"column":3}},"46":{"start":{"line":109,"column":4},"end":{"line":109,"column":55}},"47":{"start":{"line":113,"column":2},"end":{"line":113,"column":24}},"48":{"start":{"line":114,"column":2},"end":{"line":114,"column":33}},"49":{"start":{"line":117,"column":2},"end":{"line":117,"column":42}},"50":{"start":{"line":121,"column":0},"end":{"line":125,"column":1}},"51":{"start":{"line":122,"column":2},"end":{"line":124,"column":5}},"52":{"start":{"line":123,"column":4},"end":{"line":123,"column":69}},"53":{"start":{"line":127,"column":0},"end":{"line":127,"column":21}},"54":{"start":{"line":128,"column":0},"end":{"line":128,"column":29}}},"fnMap":{"0":{"name":"generateShortCode","decl":{"start":{"line":15,"column":9},"end":{"line":15,"column":26}},"loc":{"start":{"line":15,"column":29},"end":{"line":22,"column":1}},"line":15},"1":{"name":"isValidUrl","decl":{"start":{"line":25,"column":9},"end":{"line":25,"column":19}},"loc":{"start":{"line":25,"column":28},"end":{"line":32,"column":1}},"line":25},"2":{"name":"(anonymous_2)","decl":{"start":{"line":37,"column":25},"end":{"line":37,"column":26}},"loc":{"start":{"line":37,"column":39},"end":{"line":75,"column":1}},"line":37},"3":{"name":"(anonymous_3)","decl":{"start":{"line":78,"column":22},"end":{"line":78,"column":23}},"loc":{"start":{"line":78,"column":36},"end":{"line":83,"column":1}},"line":78},"4":{"name":"(anonymous_4)","decl":{"start":{"line":80,"column":10},"end":{"line":80,"column":11}},"loc":{"start":{"line":80,"column":20},"end":{"line":80,"column":47}},"line":80},"5":{"name":"(anonymous_5)","decl":{"start":{"line":86,"column":36},"end":{"line":86,"column":37}},"loc":{"start":{"line":86,"column":50},"end":{"line":95,"column":1}},"line":86},"6":{"name":"(anonymous_6)","decl":{"start":{"line":98,"column":23},"end":{"line":98,"column":24}},"loc":{"start":{"line":98,"column":37},"end":{"line":118,"column":1}},"line":98},"7":{"name":"(anonymous_7)","decl":{"start":{"line":122,"column":19},"end":{"line":122,"column":20}},"loc":{"start":{"line":122,"column":25},"end":{"line":124,"column":3}},"line":122}},"branchMap":{"0":{"loc":{"start":{"line":5,"column":13},"end":{"line":5,"column":37}},"type":"binary-expr","locations":[{"start":{"line":5,"column":13},"end":{"line":5,"column":29}},{"start":{"line":5,"column":33},"end":{"line":5,"column":37}}],"line":5},"1":{"loc":{"start":{"line":28,"column":11},"end":{"line":28,"column":64}},"type":"binary-expr","locations":[{"start":{"line":28,"column":11},"end":{"line":28,"column":35}},{"start":{"line":28,"column":39},"end":{"line":28,"column":64}}],"line":28},"2":{"loc":{"start":{"line":41,"column":2},"end":{"line":43,"column":3}},"type":"if","locations":[{"start":{"line":41,"column":2},"end":{"line":43,"column":3}},{"start":{},"end":{}}],"line":41},"3":{"loc":{"start":{"line":41,"column":6},"end":{"line":41,"column":30}},"type":"binary-expr","locations":[{"start":{"line":41,"column":6},"end":{"line":41,"column":10}},{"start":{"line":41,"column":14},"end":{"line":41,"column":30}}],"line":41},"4":{"loc":{"start":{"line":47,"column":2},"end":{"line":58,"column":3}},"type":"if","locations":[{"start":{"line":47,"column":2},"end":{"line":58,"column":3}},{"start":{"line":53,"column":9},"end":{"line":58,"column":3}}],"line":47},"5":{"loc":{"start":{"line":49,"column":4},"end":{"line":51,"column":5}},"type":"if","locations":[{"start":{"line":49,"column":4},"end":{"line":51,"column":5}},{"start":{},"end":{}}],"line":49},"6":{"loc":{"start":{"line":89,"column":2},"end":{"line":91,"column":3}},"type":"if","locations":[{"start":{"line":89,"column":2},"end":{"line":91,"column":3}},{"start":{},"end":{}}],"line":89},"7":{"loc":{"start":{"line":102,"column":2},"end":{"line":104,"column":3}},"type":"if","locations":[{"start":{"line":102,"column":2},"end":{"line":104,"column":3}},{"start":{},"end":{}}],"line":102},"8":{"loc":{"start":{"line":102,"column":6},"end":{"line":102,"column":60}},"type":"binary-expr","locations":[{"start":{"line":102,"column":6},"end":{"line":102,"column":33}},{"start":{"line":102,"column":37},"end":{"line":102,"column":60}}],"line":102},"9":{"loc":{"start":{"line":108,"column":2},"end":{"line":110,"column":3}},"type":"if","locations":[{"start":{"line":108,"column":2},"end":{"line":110,"column":3}},{"start":{},"end":{}}],"line":108},"10":{"loc":{"start":{"line":121,"column":0},"end":{"line":125,"column":1}},"type":"if","locations":[{"start":{"line":121,"column":0},"end":{"line":125,"column":1}},{"start":{},"end":{}}],"line":121}},"s":{"0":1,"1":1,"2":1,"3":1,"4":1,"5":1,"6":1,"7":4,"8":4,"9":4,"10":4,"11":24,"12":4,"13":18,"14":18,"15":17,"16":1,"17":1,"18":19,"19":19,"20":3,"21":16,"22":12,"23":1,"24":11,"25":4,"26":4,"27":15,"28":15,"29":15,"30":1,"31":8,"32":5,"33":8,"34":1,"35":4,"36":4,"37":1,"38":3,"39":3,"40":1,"41":10,"42":10,"43":0,"44":10,"45":10,"46":2,"47":8,"48":8,"49":8,"50":1,"51":0,"52":0,"53":1,"54":1},"f":{"0":4,"1":18,"2":19,"3":8,"4":5,"5":4,"6":10,"7":0},"b":{"0":[1,1],"1":[17,16],"2":[3,16],"3":[19,18],"4":[12,4],"5":[1,11],"6":[1,3],"7":[0,10],"8":[10,10],"9":[2,8],"10":[0,1]},"_coverageSchema":"1a1c01bbd47fc00a2c39e90264f33305004495a9","hash":"96afbb7868ebfa8adb9ed9442200c2ca0228d7f5"}
}
