TN:
SF:server.js
FN:14,generateShortCode
FN:24,isValidUrl
FN:34,(anonymous_2)
FN:76,(anonymous_3)
FN:78,(anonymous_4)
FN:84,(anonymous_5)
FN:96,(anonymous_6)
FN:113,(anonymous_7)
FNF:8
FNH:7
FNDA:3,generateShortCode
FNDA:17,isValidUrl
FNDA:18,(anonymous_2)
FNDA:7,(anonymous_3)
FNDA:147,(anonymous_4)
FNDA:4,(anonymous_5)
FNDA:12,(anonymous_6)
FNDA:0,(anonymous_7)
DA:1,1
DA:2,1
DA:4,1
DA:5,1
DA:7,1
DA:8,1
DA:11,1
DA:15,3
DA:16,3
DA:17,3
DA:18,18
DA:20,3
DA:25,17
DA:26,17
DA:27,16
DA:29,1
DA:34,1
DA:35,18
DA:37,18
DA:38,1
DA:41,17
DA:42,2
DA:47,15
DA:48,12
DA:49,1
DA:51,11
DA:54,3
DA:55,3
DA:59,14
DA:66,14
DA:68,14
DA:76,1
DA:77,7
DA:78,147
DA:80,7
DA:84,1
DA:85,4
DA:87,4
DA:88,1
DA:91,3
DA:92,3
DA:96,1
DA:97,12
DA:99,12
DA:101,12
DA:102,3
DA:105,9
DA:106,9
DA:108,9
DA:112,1
DA:113,0
DA:114,0
DA:118,1
LF:53
LH:51
BRDA:5,0,0,1
BRDA:5,0,1,1
BRDA:27,1,0,16
BRDA:27,1,1,15
BRDA:37,2,0,1
BRDA:37,2,1,17
BRDA:41,3,0,2
BRDA:41,3,1,15
BRDA:47,4,0,12
BRDA:47,4,1,3
BRDA:48,5,0,1
BRDA:48,5,1,11
BRDA:87,6,0,1
BRDA:87,6,1,3
BRDA:101,7,0,3
BRDA:101,7,1,9
BRDA:112,8,0,0
BRDA:112,8,1,1
BRF:18
BRH:17
end_of_record
