TN:
SF:server.js
FN:15,generateShortCode
FN:25,isValidUrl
FN:35,(anonymous_2)
FN:78,(anonymous_3)
FN:80,(anonymous_4)
FN:86,(anonymous_5)
FN:98,(anonymous_6)
FN:121,(anonymous_7)
FNF:8
FNH:7
FNDA:22,generateShortCode
FNDA:27,isValidUrl
FNDA:28,(anonymous_2)
FNDA:5,(anonymous_3)
FNDA:5,(anonymous_4)
FNDA:3,(anonymous_5)
FNDA:11,(anonymous_6)
FNDA:0,(anonymous_7)
DA:1,18
DA:2,18
DA:4,18
DA:5,18
DA:8,18
DA:11,18
DA:12,18
DA:16,22
DA:17,22
DA:18,22
DA:19,132
DA:21,22
DA:26,27
DA:27,27
DA:28,26
DA:30,1
DA:35,18
DA:36,28
DA:39,28
DA:40,1
DA:43,27
DA:44,2
DA:48,25
DA:51,25
DA:52,1
DA:56,24
DA:57,0
DA:61,24
DA:68,24
DA:70,24
DA:78,18
DA:79,5
DA:80,5
DA:82,5
DA:86,18
DA:87,3
DA:89,3
DA:90,1
DA:93,2
DA:94,2
DA:98,18
DA:99,11
DA:102,11
DA:103,0
DA:106,11
DA:108,11
DA:109,2
DA:113,9
DA:116,9
DA:120,18
DA:121,0
DA:122,0
DA:126,18
LF:53
LH:49
BRDA:5,0,0,18
BRDA:5,0,1,18
BRDA:28,1,0,26
BRDA:28,1,1,26
BRDA:39,2,0,1
BRDA:39,2,1,27
BRDA:43,3,0,2
BRDA:43,3,1,25
BRDA:48,4,0,25
BRDA:48,4,1,22
BRDA:51,5,0,1
BRDA:51,5,1,24
BRDA:56,6,0,24
BRDA:56,6,1,22
BRDA:89,7,0,1
BRDA:89,7,1,2
BRDA:102,8,0,0
BRDA:102,8,1,11
BRDA:108,9,0,2
BRDA:108,9,1,9
BRDA:120,10,0,0
BRDA:120,10,1,18
BRF:22
BRH:20
end_of_record
